{
  "RSpec": {
    "coverage": {
      "/home/tiendo/Programing Projects/RoR/find_lost_pets/config/environment.rb": [
        null,
        1,
        null,
        null,
        1
      ],
      "/home/tiendo/Programing Projects/RoR/find_lost_pets/config/application.rb": [
        1,
        null,
        1,
        null,
        1,
        1,
        1,
        1,
        1,
        1,
        1,
        null,
        1,
        null,
        null,
        null,
        1,
        null,
        1,
        1,
        null,
        1,
        null,
        null,
        null,
        null,
        null,
        null,
        null,
        null,
        1,
        1,
        1,
        null,
        null
      ],
      "/home/tiendo/Programing Projects/RoR/find_lost_pets/config/boot.rb": [
        1,
        null,
        1
      ],
      "/home/tiendo/Programing Projects/RoR/find_lost_pets/config/environments/test.rb": [
        1,
        null,
        null,
        null,
        null,
        null,
        null,
        1,
        null,
        null,
        null,
        null,
        1,
        null,
        null,
        1,
        1,
        null,
        null,
        null,
        null,
        1,
        1,
        null,
        null,
        1,
        null,
        null,
        1,
        1,
        null,
        null,
        null,
        null,
        1,
        null,
        null,
        1,
        null,
        null,
        null,
        null
      ],
      "/home/tiendo/Programing Projects/RoR/find_lost_pets/config/initializers/application_controller_renderer.rb": [
        null,
        null,
        null,
        null,
        null,
        null,
        null,
        null
      ],
      "/home/tiendo/Programing Projects/RoR/find_lost_pets/config/initializers/backtrace_silencers.rb": [
        null,
        null,
        null,
        null,
        null,
        null,
        null
      ],
      "/home/tiendo/Programing Projects/RoR/find_lost_pets/config/initializers/cors.rb": [
        null,
        null,
        null,
        null,
        null,
        null,
        null,
        null,
        null,
        null,
        null,
        null,
        null,
        null,
        null,
        null
      ],
      "/home/tiendo/Programing Projects/RoR/find_lost_pets/config/initializers/filter_parameter_logging.rb": [
        null,
        null,
        null,
        1
      ],
      "/home/tiendo/Programing Projects/RoR/find_lost_pets/config/initializers/inflections.rb": [
        null,
        null,
        null,
        null,
        null,
        null,
        null,
        null,
        null,
        null,
        null,
        null,
        null,
        null,
        null,
        null
      ],
      "/home/tiendo/Programing Projects/RoR/find_lost_pets/config/initializers/mime_types.rb": [
        null,
        null,
        null,
        null
      ],
      "/home/tiendo/Programing Projects/RoR/find_lost_pets/config/initializers/wrap_parameters.rb": [
        null,
        null,
        null,
        null,
        null,
        null,
        1,
        2,
        null,
        null,
        null,
        null,
        null,
        null
      ],
      "/home/tiendo/Programing Projects/RoR/find_lost_pets/config/routes.rb": [
        1,
        1,
        null
      ],
      "/home/tiendo/Programing Projects/RoR/find_lost_pets/spec/support/controller_spec_helper.rb": [
        1,
        null,
        1,
        1,
        null,
        null,
        1,
        1,
        null,
        null,
        1,
        null,
        null,
        null,
        0,
        null,
        null,
        1,
        null,
        null,
        null,
        0,
        null,
        null
      ],
      "/home/tiendo/Programing Projects/RoR/find_lost_pets/spec/support/factory_bot.rb": [
        1,
        null,
        1,
        142,
        142,
        142,
        1,
        null,
        null,
        1,
        141,
        1,
        1,
        141,
        1,
        1,
        1,
        140,
        140,
        null,
        null,
        null,
        null,
        1,
        1,
        1,
        1,
        null,
        null,
        1,
        1,
        1,
        null,
        null,
        null
      ],
      "/home/tiendo/Programing Projects/RoR/find_lost_pets/spec/support/request_spec_helper.rb": [
        1,
        null,
        1,
        5,
        null,
        null
      ],
      "/home/tiendo/Programing Projects/RoR/find_lost_pets/app/auth/authorize_api_request.rb": [
        1,
        null,
        null
      ],
      "/home/tiendo/Programing Projects/RoR/find_lost_pets/spec/controllers/lost_pets_controller_spec.rb": [
        1,
        null,
        1,
        null,
        null
      ],
      "/home/tiendo/Programing Projects/RoR/find_lost_pets/app/controllers/lost_pets_controller.rb": [
        1,
        null,
        1,
        2,
        2,
        null,
        null,
        1,
        4,
        2,
        null,
        null,
        1,
        8,
        8,
        0,
        0,
        null,
        0,
        null,
        null,
        1,
        null,
        1,
        8,
        null,
        null,
        null,
        null,
        1,
        0,
        null,
        null,
        null,
        null,
        null,
        1,
        0,
        null,
        null,
        null,
        null,
        null,
        null,
        null,
        null
      ],
      "/home/tiendo/Programing Projects/RoR/find_lost_pets/app/controllers/application_controller.rb": [
        1,
        1,
        1,
        null
      ],
      "/home/tiendo/Programing Projects/RoR/find_lost_pets/app/controllers/concerns/response.rb": [
        1,
        1,
        14,
        null,
        null
      ],
      "/home/tiendo/Programing Projects/RoR/find_lost_pets/app/controllers/concerns/exception_handler.rb": [
        1,
        null,
        1,
        null,
        1,
        null,
        null,
        null,
        1,
        null,
        null,
        null,
        1,
        null,
        null,
        null,
        1,
        1,
        1,
        1,
        1,
        null,
        1,
        2,
        null,
        null,
        null,
        null,
        null,
        null,
        null,
        1,
        null,
        1,
        8,
        null,
        null,
        null,
        1,
        0,
        null,
        null
      ],
      "/home/tiendo/Programing Projects/RoR/find_lost_pets/spec/models/lost_feature_spec.rb": [
        null,
        null,
        null,
        null,
        null,
        null,
        null,
        null,
        null,
        null,
        null,
        null,
        null,
        null,
        null,
        null,
        null,
        null,
        null,
        null,
        null,
        null,
        1,
        null,
        1,
        2,
        2,
        2,
        2,
        2,
        null
      ],
      "/home/tiendo/Programing Projects/RoR/find_lost_pets/app/models/lost_feature.rb": [
        null,
        null,
        null,
        null,
        null,
        null,
        null,
        null,
        null,
        null,
        null,
        null,
        null,
        null,
        null,
        null,
        null,
        null,
        null,
        null,
        null,
        null,
        1,
        1,
        1,
        null
      ],
      "/home/tiendo/Programing Projects/RoR/find_lost_pets/app/models/application_record.rb": [
        1,
        1,
        null
      ],
      "/home/tiendo/Programing Projects/RoR/find_lost_pets/spec/models/lost_location_spec.rb": [
        null,
        null,
        null,
        null,
        null,
        null,
        null,
        null,
        null,
        null,
        null,
        null,
        null,
        null,
        null,
        null,
        null,
        null,
        null,
        null,
        1,
        null,
        1,
        2,
        2,
        2,
        2,
        null
      ],
      "/home/tiendo/Programing Projects/RoR/find_lost_pets/app/models/lost_location.rb": [
        null,
        null,
        null,
        null,
        null,
        null,
        null,
        null,
        null,
        null,
        null,
        null,
        null,
        null,
        null,
        null,
        null,
        null,
        null,
        null,
        1,
        1,
        1,
        null
      ],
      "/home/tiendo/Programing Projects/RoR/find_lost_pets/spec/models/lost_pet_spec.rb": [
        null,
        null,
        null,
        null,
        null,
        null,
        null,
        null,
        null,
        null,
        null,
        null,
        null,
        null,
        1,
        null,
        1,
        2,
        2,
        2,
        2,
        2,
        2,
        2,
        2,
        2,
        null
      ],
      "/home/tiendo/Programing Projects/RoR/find_lost_pets/app/models/lost_pet.rb": [
        null,
        null,
        null,
        null,
        null,
        null,
        null,
        null,
        null,
        null,
        null,
        null,
        null,
        null,
        1,
        1,
        1,
        1,
        1,
        1,
        1,
        null
      ],
      "/home/tiendo/Programing Projects/RoR/find_lost_pets/spec/models/user_spec.rb": [
        null,
        null,
        null,
        null,
        null,
        null,
        null,
        null,
        null,
        null,
        null,
        null,
        null,
        1,
        null,
        1,
        2,
        2,
        2,
        2,
        2,
        2,
        null
      ],
      "/home/tiendo/Programing Projects/RoR/find_lost_pets/app/models/user.rb": [
        null,
        null,
        null,
        null,
        null,
        null,
        null,
        null,
        null,
        null,
        null,
        null,
        null,
        1,
        1,
        null,
        1,
        1,
        1,
        null
      ],
      "/home/tiendo/Programing Projects/RoR/find_lost_pets/spec/requests/lost_pets_spec.rb": [
        1,
        null,
        1,
        1,
        14,
        140,
        null,
        14,
        null,
        null,
        7,
        9,
        9,
        5,
        7,
        7,
        7,
        5,
        7,
        3,
        null,
        1,
        null,
        3,
        null,
        1,
        null,
        1,
        1,
        null,
        null,
        1,
        1,
        null,
        null,
        null,
        null,
        1,
        5,
        null,
        1,
        1,
        1,
        1,
        null,
        null,
        1,
        1,
        null,
        null,
        null,
        1,
        3,
        null,
        1,
        1,
        null,
        null,
        1,
        1,
        null,
        null,
        null,
        null,
        null,
        1,
        null,
        1,
        null,
        null,
        null,
        null,
        null,
        null,
        null,
        null,
        null,
        null,
        null,
        null,
        null,
        null,
        null,
        null,
        2,
        null,
        null,
        1,
        3,
        null,
        1,
        1,
        null,
        null,
        1,
        1,
        null,
        null,
        null,
        1,
        1,
        null,
        null,
        null,
        null,
        null,
        2,
        null,
        null,
        1,
        null,
        null,
        null,
        null,
        null,
        null,
        null,
        null,
        null,
        null,
        null,
        null,
        null,
        null,
        null,
        2,
        null,
        null,
        1,
        null,
        null,
        null,
        null,
        null,
        null,
        null,
        null,
        null,
        null,
        null,
        null,
        null,
        null,
        null,
        2,
        null,
        null,
        1,
        1,
        2,
        null,
        null,
        1,
        1,
        null,
        1,
        1,
        null,
        null,
        null,
        null,
        1,
        1,
        2,
        null,
        null,
        1,
        1,
        null,
        1,
        1,
        null,
        null,
        null,
        null,
        1,
        1,
        2,
        null,
        null,
        1,
        1,
        null,
        1,
        1,
        null,
        null,
        null,
        null,
        null,
        null,
        null,
        null,
        null,
        null,
        null,
        null,
        null,
        null,
        null,
        null,
        null,
        null,
        null,
        null,
        null,
        null,
        null,
        null,
        null,
        null,
        null,
        null,
        null,
        null,
        null,
        null
      ],
      "/home/tiendo/Programing Projects/RoR/find_lost_pets/app/lib/json_web_token.rb": [
        1,
        1,
        null,
        1,
        1,
        1,
        null,
        null,
        1,
        0,
        0,
        null,
        0,
        null,
        null
      ]
    },
    "timestamp": 1517034222
  }
}
